<?xml version="1.0" encoding="UTF-8"?>
<testng-results skipped="0" failed="0" ignored="0" total="1" passed="1">
  <reporter-output>
  </reporter-output>
  <suite name="MySuite01" duration-ms="39" started-at="2017-11-30T03:37:05Z" finished-at="2017-11-30T03:37:05Z">
    <groups>
    </groups>
    <test name="Sample1" duration-ms="39" started-at="2017-11-30T03:37:05Z" finished-at="2017-11-30T03:37:05Z">
      <class name="MyConcatenatorTest">
        <test-method status="PASS" signature="testConcatanate()[pri:0, instance:MyConcatenatorTest@33a10788]" name="testConcatanate" duration-ms="10" started-at="2017-11-29T22:37:05Z" finished-at="2017-11-29T22:37:05Z">
          <reporter-output>
          </reporter-output>
        </test-method> <!-- testConcatanate -->
      </class> <!-- MyConcatenatorTest -->
    </test> <!-- Sample1 -->
  </suite> <!-- MySuite01 -->
</testng-results>
